c:\users\hp\documents\tencent files\1016598068\filerecv\qtmainwindow\qtmainwindow\x64\debug\qtgame.obj
c:\users\hp\documents\tencent files\1016598068\filerecv\qtmainwindow\qtmainwindow\x64\debug\qtsetting.obj
c:\users\hp\documents\tencent files\1016598068\filerecv\qtmainwindow\qtmainwindow\x64\debug\main.obj
c:\users\hp\documents\tencent files\1016598068\filerecv\qtmainwindow\qtmainwindow\x64\debug\moc_qtsetting.obj
c:\users\hp\documents\tencent files\1016598068\filerecv\qtmainwindow\qtmainwindow\x64\debug\qtmainwindow.obj
c:\users\hp\documents\tencent files\1016598068\filerecv\qtmainwindow\qtmainwindow\x64\debug\moc_qtmainwindow.obj
c:\users\hp\documents\tencent files\1016598068\filerecv\qtmainwindow\qtmainwindow\x64\debug\moc_qtgame.obj
c:\users\hp\documents\tencent files\1016598068\filerecv\qtmainwindow\qtmainwindow\x64\debug\vc140.pdb
c:\users\hp\documents\tencent files\1016598068\filerecv\qtmainwindow\qtmainwindow\x64\debug\qrc_qtsetting.obj
c:\users\hp\documents\tencent files\1016598068\filerecv\qtmainwindow\qtmainwindow\x64\debug\qrc_resource.obj
c:\users\hp\documents\tencent files\1016598068\filerecv\qtmainwindow\qtmainwindow\x64\debug\qrc_qtmainwindow.obj
c:\users\hp\documents\tencent files\1016598068\filerecv\qtmainwindow\qtmainwindow\generatedfiles\debug\moc_qtmainwindow.cpp
c:\users\hp\documents\tencent files\1016598068\filerecv\qtmainwindow\qtmainwindow\generatedfiles\ui_qtmainwindow.h
c:\users\hp\documents\tencent files\1016598068\filerecv\qtmainwindow\qtmainwindow\generatedfiles\debug\moc_qtgame.cpp
c:\users\hp\documents\tencent files\1016598068\filerecv\qtmainwindow\qtmainwindow\generatedfiles\debug\moc_qtsetting.cpp
c:\users\hp\documents\tencent files\1016598068\filerecv\qtmainwindow\qtmainwindow\generatedfiles\qrc_qtmainwindow.cpp
c:\users\hp\documents\tencent files\1016598068\filerecv\qtmainwindow\qtmainwindow\generatedfiles\ui_qtsetting.h
c:\users\hp\documents\tencent files\1016598068\filerecv\qtmainwindow\qtmainwindow\generatedfiles\ui_qtgame.h
c:\users\hp\documents\tencent files\1016598068\filerecv\qtmainwindow\qtmainwindow\generatedfiles\qrc_resource.cpp
c:\users\hp\documents\tencent files\1016598068\filerecv\qtmainwindow\qtmainwindow\generatedfiles\qrc_qtsetting.cpp
c:\users\hp\documents\tencent files\1016598068\filerecv\qtmainwindow\x64\debug\qtmainwindow.ilk
c:\users\hp\documents\tencent files\1016598068\filerecv\qtmainwindow\x64\debug\qtmainwindow.exe
c:\users\hp\documents\tencent files\1016598068\filerecv\qtmainwindow\x64\debug\qtmainwindow.pdb
c:\users\hp\documents\tencent files\1016598068\filerecv\qtmainwindow\qtmainwindow\x64\debug\qtmainwindow.res
c:\users\hp\documents\tencent files\1016598068\filerecv\qtmainwindow\qtmainwindow\x64\debug\qtmainwindow.tlog\cl.command.1.tlog
c:\users\hp\documents\tencent files\1016598068\filerecv\qtmainwindow\qtmainwindow\x64\debug\qtmainwindow.tlog\cl.read.1.tlog
c:\users\hp\documents\tencent files\1016598068\filerecv\qtmainwindow\qtmainwindow\x64\debug\qtmainwindow.tlog\cl.write.1.tlog
c:\users\hp\documents\tencent files\1016598068\filerecv\qtmainwindow\qtmainwindow\x64\debug\qtmainwindow.tlog\custombuild.command.1.tlog
c:\users\hp\documents\tencent files\1016598068\filerecv\qtmainwindow\qtmainwindow\x64\debug\qtmainwindow.tlog\custombuild.read.1.tlog
c:\users\hp\documents\tencent files\1016598068\filerecv\qtmainwindow\qtmainwindow\x64\debug\qtmainwindow.tlog\custombuild.write.1.tlog
c:\users\hp\documents\tencent files\1016598068\filerecv\qtmainwindow\qtmainwindow\x64\debug\qtmainwindow.tlog\link.command.1.tlog
c:\users\hp\documents\tencent files\1016598068\filerecv\qtmainwindow\qtmainwindow\x64\debug\qtmainwindow.tlog\link.read.1.tlog
c:\users\hp\documents\tencent files\1016598068\filerecv\qtmainwindow\qtmainwindow\x64\debug\qtmainwindow.tlog\link.write.1.tlog
c:\users\hp\documents\tencent files\1016598068\filerecv\qtmainwindow\qtmainwindow\x64\debug\qtmainwindow.tlog\rc.command.1.tlog
c:\users\hp\documents\tencent files\1016598068\filerecv\qtmainwindow\qtmainwindow\x64\debug\qtmainwindow.tlog\rc.read.1.tlog
c:\users\hp\documents\tencent files\1016598068\filerecv\qtmainwindow\qtmainwindow\x64\debug\qtmainwindow.tlog\rc.write.1.tlog
